mode: atomic
auth/pkg/service/helpers.go:21.28,29.16 6 0
auth/pkg/service/helpers.go:29.16,31.3 1 0
auth/pkg/service/helpers.go:33.2,41.17 3 0
auth/pkg/service/helpers.go:44.46,49.32 4 0
auth/pkg/service/helpers.go:49.32,51.3 1 0
auth/pkg/service/helpers.go:53.2,53.83 1 0
auth/pkg/service/helpers.go:56.74,58.16 2 0
auth/pkg/service/helpers.go:58.16,60.3 1 0
auth/pkg/service/helpers.go:62.2,82.16 4 0
auth/pkg/service/helpers.go:82.16,84.3 1 0
auth/pkg/service/helpers.go:86.2,86.25 1 0
auth/pkg/service/helpers.go:89.63,104.16 4 0
auth/pkg/service/helpers.go:104.16,106.3 1 0
auth/pkg/service/helpers.go:108.2,108.25 1 0
auth/pkg/service/helpers.go:111.67,112.118 1 8
auth/pkg/service/helpers.go:112.118,114.3 1 7
auth/pkg/service/helpers.go:115.2,115.16 1 8
auth/pkg/service/helpers.go:115.16,117.3 1 8
auth/pkg/service/helpers.go:119.2,119.70 1 0
auth/pkg/service/helpers.go:119.70,121.3 1 0
auth/pkg/service/helpers.go:123.2,123.43 1 0
auth/pkg/service/helpers.go:126.34,130.2 2 0
auth/pkg/service/helpers.go:132.50,139.17 6 0
auth/pkg/service/helpers.go:139.17,141.3 1 0
auth/pkg/service/helpers.go:143.2,147.38 3 0
auth/pkg/service/helpers.go:147.38,149.18 2 0
auth/pkg/service/helpers.go:149.18,151.37 1 0
auth/pkg/service/helpers.go:151.37,153.5 1 0
auth/pkg/service/helpers.go:154.4,154.13 1 0
auth/pkg/service/helpers.go:157.2,161.24 3 0
auth/pkg/service/helpers.go:165.29,171.16 5 0
auth/pkg/service/helpers.go:171.16,173.3 1 0
auth/pkg/service/helpers.go:175.2,175.30 1 0
auth/pkg/service/helpers.go:175.30,177.3 1 0
auth/pkg/service/helpers.go:179.2,179.23 1 0
auth/pkg/service/helpers.go:182.32,186.28 3 0
auth/pkg/service/helpers.go:186.28,187.38 1 0
auth/pkg/service/helpers.go:187.38,189.4 1 0
auth/pkg/service/helpers.go:192.2,192.15 1 0
auth/pkg/service/helpers.go:195.36,197.2 1 0
auth/pkg/service/methods.go:12.96,14.16 2 0
auth/pkg/service/methods.go:14.16,16.3 1 0
auth/pkg/service/methods.go:18.2,19.16 2 0
auth/pkg/service/methods.go:19.16,21.3 1 0
auth/pkg/service/methods.go:22.2,25.16 3 0
auth/pkg/service/methods.go:25.16,27.3 1 0
auth/pkg/service/methods.go:29.2,34.16 5 0
auth/pkg/service/methods.go:34.16,37.3 2 0
auth/pkg/service/methods.go:39.2,40.16 2 0
auth/pkg/service/methods.go:40.16,42.3 1 0
auth/pkg/service/methods.go:44.2,45.16 2 0
auth/pkg/service/methods.go:45.16,47.3 1 0
auth/pkg/service/methods.go:49.2,55.8 1 0
auth/pkg/service/methods.go:58.99,60.16 2 0
auth/pkg/service/methods.go:60.16,62.3 1 0
auth/pkg/service/methods.go:64.2,68.37 3 0
auth/pkg/service/methods.go:68.37,72.17 3 0
auth/pkg/service/methods.go:72.17,74.4 1 0
auth/pkg/service/methods.go:76.3,82.9 1 0
auth/pkg/service/methods.go:85.2,87.50 2 0
auth/pkg/service/methods.go:90.86,92.16 2 0
auth/pkg/service/methods.go:92.16,94.3 1 0
auth/pkg/service/methods.go:96.2,101.16 4 0
auth/pkg/service/methods.go:101.16,103.3 1 0
auth/pkg/service/methods.go:104.2,104.15 1 0
auth/pkg/service/methods.go:104.15,106.3 1 0
auth/pkg/service/methods.go:108.2,110.16 3 0
auth/pkg/service/methods.go:110.16,112.3 1 0
auth/pkg/service/methods.go:114.2,125.43 2 0
auth/pkg/service/methods.go:125.43,127.3 1 0
auth/pkg/service/methods.go:129.2,129.12 1 0
auth/pkg/service/methods.go:132.77,134.2 1 0
auth/pkg/service/publisherMQ.go:8.79,11.16 2 0
auth/pkg/service/publisherMQ.go:11.16,14.3 2 0
auth/pkg/service/publisherMQ.go:16.2,22.12 2 0
auth/pkg/service/service.go:29.132,31.2 1 0
auth/pkg/service/service.go:33.114,35.2 1 0
auth/pkg/handler/handler.go:18.39,20.2 1 0
auth/pkg/handler/handler.go:22.46,27.2 4 0
auth/pkg/handler/handler.go:27.2,29.3 1 0
auth/pkg/handler/handler.go:31.2,33.2 3 0
auth/pkg/handler/handler.go:33.2,40.3 6 0
auth/pkg/handler/handler.go:42.2,42.10 1 0
auth/pkg/handler/methods.go:23.46,26.39 2 0
auth/pkg/handler/methods.go:26.39,29.3 2 0
auth/pkg/handler/methods.go:31.2,33.16 2 0
auth/pkg/handler/methods.go:33.16,36.76 2 0
auth/pkg/handler/methods.go:36.76,38.4 1 0
auth/pkg/handler/methods.go:38.9,40.4 1 0
auth/pkg/handler/methods.go:41.3,42.9 2 0
auth/pkg/handler/methods.go:45.2,59.24 2 0
auth/pkg/handler/methods.go:72.45,75.39 2 0
auth/pkg/handler/methods.go:75.39,78.3 2 0
auth/pkg/handler/methods.go:80.2,82.16 2 0
auth/pkg/handler/methods.go:82.16,85.76 2 0
auth/pkg/handler/methods.go:85.76,87.4 1 0
auth/pkg/handler/methods.go:87.9,89.4 1 0
auth/pkg/handler/methods.go:91.3,92.9 2 0
auth/pkg/handler/methods.go:95.2,109.24 2 0
auth/pkg/handler/methods.go:112.56,115.39 2 0
auth/pkg/handler/methods.go:115.39,118.3 2 0
auth/pkg/handler/methods.go:120.2,122.16 2 0
auth/pkg/handler/methods.go:122.16,125.76 2 0
auth/pkg/handler/methods.go:125.76,127.4 1 0
auth/pkg/handler/methods.go:127.9,129.4 1 0
auth/pkg/handler/methods.go:131.3,132.9 2 0
auth/pkg/handler/methods.go:135.2,139.24 2 0
auth/pkg/handler/methods.go:142.49,144.2 1 0
auth/pkg/handler/methods.go:146.46,148.2 1 0
auth/pkg/handler/methods.go:150.47,154.2 2 0
auth/pkg/handler/middlewares.go:32.26,34.3 1 0
auth/pkg/handler/middlewares.go:41.37,50.12 7 0
auth/pkg/handler/middlewares.go:50.12,54.3 3 0
auth/pkg/handler/middlewares.go:56.2,56.30 1 0
auth/pkg/handler/middlewares.go:56.30,62.10 4 0
auth/pkg/handler/middlewares.go:63.19,64.19 1 0
auth/pkg/handler/middlewares.go:64.19,66.5 1 0
auth/pkg/handler/middlewares.go:67.11,84.13 7 0
auth/pkg/handler/middlewares.go:89.67,93.27 3 0
auth/pkg/handler/middlewares.go:93.27,98.3 4 0
auth/pkg/handler/middlewares.go:101.33,104.16 3 0
auth/pkg/handler/middlewares.go:104.16,106.3 1 0
auth/pkg/handler/middlewares.go:107.2,107.38 1 0
auth/pkg/handler/response.go:12.71,16.2 2 0
